<?xml version="1.0" encoding="UTF-8"?>
<!-- Generated by org.testng.reporters.JUnitXMLReporter -->
<testsuite hostname="Marcels-MacBook-Pro.local" ignored="2" tests="4" failures="1" timestamp="11 Dec 2018 19:42:04 GMT" time="26.897" errors="0">
  <testcase name="getConfig" time="0.002" classname="AppConfigTest"/>
  <testcase name="connectToUrl" time="1.244" classname="BuilditWebcrawlerTest"/>
  <testcase name="testExternalLinks" time="25.635" classname="BuilditWebcrawlerTest">
    <failure type="java.lang.AssertionError" message="expected [true] but found [false]">
      <![CDATA[java.lang.AssertionError: expected [true] but found [false]
at BuilditWebcrawlerTest.lambda$testExternalLinks$1(BuilditWebcrawlerTest.java:37)
at java.lang.Iterable.forEach(Iterable.java:75)
at BuilditWebcrawlerTest.testExternalLinks(BuilditWebcrawlerTest.java:37)
... Removed 39 stack frames]]>
    </failure>
  </testcase> <!-- testExternalLinks -->
  <testcase name="testInternalLinks" time="0.001" classname="BuilditWebcrawlerTest"/>
  <testcase name="@BeforeSuite baseTestSetup" time="0.0" classname="BaseTest">
    <ignored/>
  </testcase> <!-- @BeforeSuite baseTestSetup -->
  <testcase name="@BeforeSuite baseTestSetup" time="0.0" classname="BaseTest">
    <ignored/>
  </testcase> <!-- @BeforeSuite baseTestSetup -->
</testsuite>
