<?xml version="1.0" encoding="UTF-8"?>
<testng-results skipped="0" failed="1" ignored="2" total="6" passed="3">
  <reporter-output>
  </reporter-output>
  <suite name="Command line suite" duration-ms="26897" started-at="2018-12-11T19:41:37Z" finished-at="2018-12-11T19:42:04Z">
    <groups>
    </groups>
    <test name="Command line test" duration-ms="26897" started-at="2018-12-11T19:41:37Z" finished-at="2018-12-11T19:42:04Z">
      <class name="BuilditWebcrawlerTest">
        <test-method status="PASS" signature="baseTestSetup()[pri:0, instance:BuilditWebcrawlerTest@34ce8af7]" name="baseTestSetup" is-config="true" duration-ms="9" started-at="2018-12-11T19:41:36Z" finished-at="2018-12-11T19:41:36Z">
          <reporter-output>
          </reporter-output>
        </test-method> <!-- baseTestSetup -->
        <test-method status="PASS" signature="init()[pri:0, instance:BuilditWebcrawlerTest@34ce8af7]" name="init" is-config="true" duration-ms="596" started-at="2018-12-11T19:41:36Z" depends-on-methods="BaseTest.baseTestSetup" finished-at="2018-12-11T19:41:37Z">
          <reporter-output>
          </reporter-output>
        </test-method> <!-- init -->
        <test-method status="PASS" signature="connectToUrl()[pri:0, instance:BuilditWebcrawlerTest@34ce8af7]" name="connectToUrl" duration-ms="1244" started-at="2018-12-11T19:41:37Z" finished-at="2018-12-11T19:41:38Z">
          <reporter-output>
          </reporter-output>
        </test-method> <!-- connectToUrl -->
        <test-method status="FAIL" signature="testExternalLinks()[pri:0, instance:BuilditWebcrawlerTest@34ce8af7]" name="testExternalLinks" duration-ms="25635" started-at="2018-12-11T19:41:38Z" finished-at="2018-12-11T19:42:04Z">
          <exception class="java.lang.AssertionError">
            <message>
              <![CDATA[expected [true] but found [false]]]>
            </message>
            <full-stacktrace>
              <![CDATA[java.lang.AssertionError: expected [true] but found [false]
at org.testng.Assert.fail(Assert.java:96)
at org.testng.Assert.failNotEquals(Assert.java:776)
at org.testng.Assert.assertTrue(Assert.java:44)
at org.testng.Assert.assertTrue(Assert.java:54)
at BuilditWebcrawlerTest.lambda$testExternalLinks$1(BuilditWebcrawlerTest.java:37)
at java.lang.Iterable.forEach(Iterable.java:75)
at BuilditWebcrawlerTest.testExternalLinks(BuilditWebcrawlerTest.java:37)
at sun.reflect.NativeMethodAccessorImpl.invoke0(Native Method)
at sun.reflect.NativeMethodAccessorImpl.invoke(NativeMethodAccessorImpl.java:62)
at sun.reflect.DelegatingMethodAccessorImpl.invoke(DelegatingMethodAccessorImpl.java:43)
at java.lang.reflect.Method.invoke(Method.java:498)
at org.testng.internal.MethodInvocationHelper.invokeMethod(MethodInvocationHelper.java:124)
at org.testng.internal.Invoker.invokeMethod(Invoker.java:580)
at org.testng.internal.Invoker.invokeTestMethod(Invoker.java:716)
at org.testng.internal.Invoker.invokeTestMethods(Invoker.java:988)
at org.testng.internal.TestMethodWorker.invokeTestMethods(TestMethodWorker.java:125)
at org.testng.internal.TestMethodWorker.run(TestMethodWorker.java:109)
at org.testng.TestRunner.privateRun(TestRunner.java:648)
at org.testng.TestRunner.run(TestRunner.java:505)
at org.testng.SuiteRunner.runTest(SuiteRunner.java:455)
at org.testng.SuiteRunner.runSequentially(SuiteRunner.java:450)
at org.testng.SuiteRunner.privateRun(SuiteRunner.java:415)
at org.testng.SuiteRunner.run(SuiteRunner.java:364)
at org.testng.SuiteRunnerWorker.runSuite(SuiteRunnerWorker.java:52)
at org.testng.SuiteRunnerWorker.run(SuiteRunnerWorker.java:84)
at org.testng.TestNG.runSuitesSequentially(TestNG.java:1208)
at org.testng.TestNG.runSuitesLocally(TestNG.java:1137)
at org.testng.TestNG.runSuites(TestNG.java:1049)
at org.testng.TestNG.run(TestNG.java:1017)
at org.apache.maven.surefire.testng.TestNGExecutor.run(TestNGExecutor.java:77)
at org.apache.maven.surefire.testng.TestNGDirectoryTestSuite.executeMulti(TestNGDirectoryTestSuite.java:159)
at org.apache.maven.surefire.testng.TestNGDirectoryTestSuite.execute(TestNGDirectoryTestSuite.java:99)
at org.apache.maven.surefire.testng.TestNGProvider.invoke(TestNGProvider.java:106)
at sun.reflect.NativeMethodAccessorImpl.invoke0(Native Method)
at sun.reflect.NativeMethodAccessorImpl.invoke(NativeMethodAccessorImpl.java:62)
at sun.reflect.DelegatingMethodAccessorImpl.invoke(DelegatingMethodAccessorImpl.java:43)
at java.lang.reflect.Method.invoke(Method.java:498)
at org.apache.maven.surefire.util.ReflectionUtils.invokeMethodWithArray(ReflectionUtils.java:189)
at org.apache.maven.surefire.booter.ProviderFactory$ProviderProxy.invoke(ProviderFactory.java:165)
at org.apache.maven.surefire.booter.ProviderFactory.invokeProvider(ProviderFactory.java:85)
at org.apache.maven.surefire.booter.ForkedBooter.runSuitesInProcess(ForkedBooter.java:115)
at org.apache.maven.surefire.booter.ForkedBooter.main(ForkedBooter.java:75)
]]>
            </full-stacktrace>
          </exception> <!-- java.lang.AssertionError -->
          <reporter-output>
          </reporter-output>
        </test-method> <!-- testExternalLinks -->
        <test-method status="PASS" signature="testInternalLinks()[pri:0, instance:BuilditWebcrawlerTest@34ce8af7]" name="testInternalLinks" duration-ms="1" started-at="2018-12-11T19:42:04Z" finished-at="2018-12-11T19:42:04Z">
          <reporter-output>
          </reporter-output>
        </test-method> <!-- testInternalLinks -->
      </class> <!-- BuilditWebcrawlerTest -->
      <class name="AppConfigTest">
        <test-method status="PASS" signature="getConfig()[pri:0, instance:AppConfigTest@880ec60]" name="getConfig" duration-ms="2" started-at="2018-12-11T19:41:37Z" finished-at="2018-12-11T19:41:37Z">
          <reporter-output>
          </reporter-output>
        </test-method> <!-- getConfig -->
      </class> <!-- AppConfigTest -->
    </test> <!-- Command line test -->
  </suite> <!-- Command line suite -->
</testng-results>
